[19:15:22.982] TRACE main InvertedIndex:<init> Single Thread index initialized.
[19:15:22.983] INFO  main ThreadSafeInvertedIndex:<init> Multithreaded Index initialized
[19:15:22.985] INFO  main WorkQueue:<init> WorkQueue with 10 workers initialized
[19:15:22.987] INFO  Thread-10 Crawler:run This CrawlTask is handled by Thread-10
[19:15:22.996] INFO  Thread-10 Crawler:run URL Size: 1
[19:15:22.997] INFO  Thread-10 HTTPFetcher:fetchHTML Fetching http://cs.usfca.edu/~cs212/simple/index.html
[19:15:23.014] TRACE Thread-10 ThreadedInvertedIndexBuilder:<init> URLBuildTask initialized for path http://cs.usfca.edu/~cs212/simple/index.html
[19:15:23.015] INFO  Thread-1 ThreadedInvertedIndexBuilder:run This BuildTask is handled by Thread-1
[19:15:23.015] TRACE Thread-1 ThreadedInvertedIndexBuilder:run Thread-1 is building from http://cs.usfca.edu/~cs212/simple/index.html || class ThreadSafeInvertedIndex
[19:15:23.015] TRACE Thread-1 InvertedIndex:<init> Single Thread index initialized.
[19:15:23.017] DEBUG Thread-10 Crawler:run Crawler found 9 links in this page
[19:15:23.017] TRACE Thread-10 WorkQueue:run Completed a class Crawler$CrawlTask, 11 tasks are left in workqueue.
[19:15:23.018] INFO  Thread-10 Crawler:run This CrawlTask is handled by Thread-10
[19:15:23.017] INFO  Thread-9 Crawler:run This CrawlTask is handled by Thread-9
[19:15:23.018] INFO  Thread-10 Crawler:run URL Size: 2
[19:15:23.018] INFO  Thread-8 Crawler:run This CrawlTask is handled by Thread-8
[19:15:23.018] INFO  Thread-10 HTTPFetcher:fetchHTML Fetching http://cs.usfca.edu/~cs212/simple/double_extension.html.txt
[19:15:23.018] INFO  Thread-8 Crawler:run URL Size: 3
[19:15:23.018] INFO  Thread-7 Crawler:run This CrawlTask is handled by Thread-7
[19:15:23.018] INFO  Thread-8 HTTPFetcher:fetchHTML Fetching http://cs.usfca.edu/~cs212/simple/capital_extension.HTML
[19:15:23.018] INFO  Thread-6 Crawler:run This CrawlTask is handled by Thread-6
[19:15:23.019] INFO  Thread-6 Crawler:run URL Size: 4
[19:15:23.019] INFO  Thread-6 HTTPFetcher:fetchHTML Fetching http://cs.usfca.edu/~cs212/simple/hello.html
[19:15:23.019] INFO  Thread-5 Crawler:run This CrawlTask is handled by Thread-5
[19:15:23.019] INFO  Thread-5 Crawler:run URL Size: 5
[19:15:23.020] INFO  Thread-5 HTTPFetcher:fetchHTML Fetching http://cs.usfca.edu/~cs212/simple/mixed_case.htm
[19:15:23.021] WARN  Thread-9 Crawler:run OVERLIMIT or ALREADY FOUND
[19:15:23.021] TRACE Thread-9 WorkQueue:run Completed a class Crawler$CrawlTask, 10 tasks are left in workqueue.
[19:15:23.021] INFO  Thread-9 Crawler:run This CrawlTask is handled by Thread-9
[19:15:23.022] WARN  Thread-9 Crawler:run OVERLIMIT or ALREADY FOUND
[19:15:23.022] TRACE Thread-9 WorkQueue:run Completed a class Crawler$CrawlTask, 9 tasks are left in workqueue.
[19:15:23.022] INFO  Thread-9 Crawler:run This CrawlTask is handled by Thread-9
[19:15:23.023] TRACE Thread-1 WorkQueue:run Completed a class ThreadedInvertedIndexBuilder$URLBuildTask, 8 tasks are left in workqueue.
[19:15:23.023] WARN  Thread-9 Crawler:run OVERLIMIT or ALREADY FOUND
[19:15:23.023] TRACE Thread-9 WorkQueue:run Completed a class Crawler$CrawlTask, 7 tasks are left in workqueue.
[19:15:23.023] WARN  Thread-7 Crawler:run OVERLIMIT or ALREADY FOUND
[19:15:23.023] TRACE Thread-7 WorkQueue:run Completed a class Crawler$CrawlTask, 6 tasks are left in workqueue.
[19:15:23.023] INFO  Thread-4 Crawler:run This CrawlTask is handled by Thread-4
[19:15:23.024] WARN  Thread-4 Crawler:run OVERLIMIT or ALREADY FOUND
[19:15:23.024] TRACE Thread-4 WorkQueue:run Completed a class Crawler$CrawlTask, 5 tasks are left in workqueue.
[19:15:23.027] TRACE Thread-8 ThreadedInvertedIndexBuilder:<init> URLBuildTask initialized for path http://cs.usfca.edu/~cs212/simple/capital_extension.HTML
[19:15:23.028] TRACE Thread-10 ThreadedInvertedIndexBuilder:<init> URLBuildTask initialized for path http://cs.usfca.edu/~cs212/simple/double_extension.html.txt
[19:15:23.028] DEBUG Thread-8 Crawler:run Crawler found 0 links in this page
[19:15:23.028] INFO  Thread-4 ThreadedInvertedIndexBuilder:run This BuildTask is handled by Thread-4
[19:15:23.029] TRACE Thread-8 WorkQueue:run Completed a class Crawler$CrawlTask, 6 tasks are left in workqueue.
[19:15:23.028] DEBUG Thread-10 Crawler:run Crawler found 0 links in this page
[19:15:23.029] INFO  Thread-8 ThreadedInvertedIndexBuilder:run This BuildTask is handled by Thread-8
[19:15:23.030] TRACE Thread-10 WorkQueue:run Completed a class Crawler$CrawlTask, 5 tasks are left in workqueue.
[19:15:23.030] TRACE Thread-4 ThreadedInvertedIndexBuilder:run Thread-4 is building from http://cs.usfca.edu/~cs212/simple/capital_extension.HTML || class ThreadSafeInvertedIndex
[19:15:23.030] TRACE Thread-8 ThreadedInvertedIndexBuilder:run Thread-8 is building from http://cs.usfca.edu/~cs212/simple/double_extension.html.txt || class ThreadSafeInvertedIndex
[19:15:23.030] TRACE Thread-4 InvertedIndex:<init> Single Thread index initialized.
[19:15:23.031] TRACE Thread-8 InvertedIndex:<init> Single Thread index initialized.
[19:15:23.031] TRACE Thread-8 WorkQueue:run Completed a class ThreadedInvertedIndexBuilder$URLBuildTask, 4 tasks are left in workqueue.
[19:15:23.033] TRACE Thread-6 ThreadedInvertedIndexBuilder:<init> URLBuildTask initialized for path http://cs.usfca.edu/~cs212/simple/hello.html
[19:15:23.034] TRACE Thread-5 ThreadedInvertedIndexBuilder:<init> URLBuildTask initialized for path http://cs.usfca.edu/~cs212/simple/mixed_case.htm
[19:15:23.035] DEBUG Thread-5 Crawler:run Crawler found 0 links in this page
[19:15:23.034] INFO  Thread-8 ThreadedInvertedIndexBuilder:run This BuildTask is handled by Thread-8
[19:15:23.035] TRACE Thread-5 WorkQueue:run Completed a class Crawler$CrawlTask, 5 tasks are left in workqueue.
[19:15:23.035] DEBUG Thread-6 Crawler:run Crawler found 0 links in this page
[19:15:23.035] TRACE Thread-8 ThreadedInvertedIndexBuilder:run Thread-8 is building from http://cs.usfca.edu/~cs212/simple/hello.html || class ThreadSafeInvertedIndex
[19:15:23.036] TRACE Thread-6 WorkQueue:run Completed a class Crawler$CrawlTask, 4 tasks are left in workqueue.
[19:15:23.036] TRACE Thread-8 InvertedIndex:<init> Single Thread index initialized.
[19:15:23.036] INFO  Thread-5 ThreadedInvertedIndexBuilder:run This BuildTask is handled by Thread-5
[19:15:23.036] TRACE Thread-5 ThreadedInvertedIndexBuilder:run Thread-5 is building from http://cs.usfca.edu/~cs212/simple/mixed_case.htm || class ThreadSafeInvertedIndex
[19:15:23.037] TRACE Thread-5 InvertedIndex:<init> Single Thread index initialized.
[19:15:23.036] TRACE Thread-4 WorkQueue:run Completed a class ThreadedInvertedIndexBuilder$URLBuildTask, 3 tasks are left in workqueue.
[19:15:23.039] TRACE Thread-5 WorkQueue:run Completed a class ThreadedInvertedIndexBuilder$URLBuildTask, 2 tasks are left in workqueue.
[19:15:23.039] TRACE Thread-8 WorkQueue:run Completed a class ThreadedInvertedIndexBuilder$URLBuildTask, 2 tasks are left in workqueue.
[19:15:23.049] TRACE main JSONWriter:writeInvertedIndex Writing invertedIndex into results.json
